  [1m[35m (441.4ms)[0m  [1m[35mCREATE DATABASE "scifi_app_development" ENCODING = 'unicode'[0m
  [1m[35m (324.9ms)[0m  [1m[35mCREATE DATABASE "scifi_app_test" ENCODING = 'unicode'[0m
  [1m[35m (18.7ms)[0m  [1m[35mCREATE TABLE "schema_migrations" ("version" character varying NOT NULL PRIMARY KEY)[0m
  [1m[35m (4.0ms)[0m  [1m[35mCREATE TABLE "ar_internal_metadata" ("key" character varying NOT NULL PRIMARY KEY, "value" character varying, "created_at" timestamp(6) NOT NULL, "updated_at" timestamp(6) NOT NULL)[0m
  [1m[35m (0.8ms)[0m  [1m[34mSELECT pg_try_advisory_lock(7304037203510660970)[0m
  [1m[35m (0.9ms)[0m  [1m[34mSELECT "schema_migrations"."version" FROM "schema_migrations" ORDER BY "schema_migrations"."version" ASC[0m
Migrating to CreateSentences (20190827010948)
  [1m[35m (0.2ms)[0m  [1m[35mBEGIN[0m
  [1m[35m (5.5ms)[0m  [1m[35mCREATE TABLE "sentences" ("id" bigserial primary key, "created_at" timestamp(6) NOT NULL, "updated_at" timestamp(6) NOT NULL)[0m
  [1m[36mprimary::SchemaMigration Create (1.9ms)[0m  [1m[32mINSERT INTO "schema_migrations" ("version") VALUES ($1) RETURNING "version"[0m  [["version", "20190827010948"]]
  [1m[35m (0.3ms)[0m  [1m[35mCOMMIT[0m
Migrating to AddPromptToSentences (20190827011034)
  [1m[35m (0.6ms)[0m  [1m[35mBEGIN[0m
  [1m[35m (1.9ms)[0m  [1m[35mALTER TABLE "sentences" ADD "prompts" character varying[0m
  [1m[36mprimary::SchemaMigration Create (0.3ms)[0m  [1m[32mINSERT INTO "schema_migrations" ("version") VALUES ($1) RETURNING "version"[0m  [["version", "20190827011034"]]
  [1m[35m (0.4ms)[0m  [1m[35mCOMMIT[0m
  [1m[36mActiveRecord::InternalMetadata Load (0.4ms)[0m  [1m[34mSELECT "ar_internal_metadata".* FROM "ar_internal_metadata" WHERE "ar_internal_metadata"."key" = $1 LIMIT $2[0m  [["key", "environment"], ["LIMIT", 1]]
  [1m[35m (0.2ms)[0m  [1m[35mBEGIN[0m
  [1m[36mActiveRecord::InternalMetadata Create (1.1ms)[0m  [1m[32mINSERT INTO "ar_internal_metadata" ("key", "value", "created_at", "updated_at") VALUES ($1, $2, $3, $4) RETURNING "key"[0m  [["key", "environment"], ["value", "development"], ["created_at", "2019-08-27 01:11:21.034748"], ["updated_at", "2019-08-27 01:11:21.034748"]]
  [1m[35m (0.4ms)[0m  [1m[35mCOMMIT[0m
  [1m[35m (0.3ms)[0m  [1m[34mSELECT pg_advisory_unlock(7304037203510660970)[0m
  [1m[35m (0.8ms)[0m  [1m[34mSELECT "schema_migrations"."version" FROM "schema_migrations" ORDER BY "schema_migrations"."version" ASC[0m
  [1m[35m (0.2ms)[0m  [1m[34mSELECT pg_try_advisory_lock(7304037203510660970)[0m
  [1m[35m (0.6ms)[0m  [1m[34mSELECT "schema_migrations"."version" FROM "schema_migrations" ORDER BY "schema_migrations"."version" ASC[0m
Migrating to CreateStories (20190827011613)
  [1m[35m (0.2ms)[0m  [1m[35mBEGIN[0m
  [1m[35m (4.3ms)[0m  [1m[35mCREATE TABLE "stories" ("id" bigserial primary key, "title" character varying, "content" text, "created_at" timestamp(6) NOT NULL, "updated_at" timestamp(6) NOT NULL)[0m
  [1m[36mprimary::SchemaMigration Create (0.3ms)[0m  [1m[32mINSERT INTO "schema_migrations" ("version") VALUES ($1) RETURNING "version"[0m  [["version", "20190827011613"]]
  [1m[35m (0.4ms)[0m  [1m[35mCOMMIT[0m
Migrating to CreateImages (20190827011709)
  [1m[35m (0.3ms)[0m  [1m[35mBEGIN[0m
  [1m[35m (2.4ms)[0m  [1m[35mCREATE TABLE "images" ("id" bigserial primary key, "title" character varying, "picture" character varying, "comment" text, "created_at" timestamp(6) NOT NULL, "updated_at" timestamp(6) NOT NULL)[0m
  [1m[36mprimary::SchemaMigration Create (0.3ms)[0m  [1m[32mINSERT INTO "schema_migrations" ("version") VALUES ($1) RETURNING "version"[0m  [["version", "20190827011709"]]
  [1m[35m (0.4ms)[0m  [1m[35mCOMMIT[0m
  [1m[36mActiveRecord::InternalMetadata Load (0.9ms)[0m  [1m[34mSELECT "ar_internal_metadata".* FROM "ar_internal_metadata" WHERE "ar_internal_metadata"."key" = $1 LIMIT $2[0m  [["key", "environment"], ["LIMIT", 1]]
  [1m[35m (0.2ms)[0m  [1m[34mSELECT pg_advisory_unlock(7304037203510660970)[0m
  [1m[35m (0.7ms)[0m  [1m[34mSELECT "schema_migrations"."version" FROM "schema_migrations" ORDER BY "schema_migrations"."version" ASC[0m
Started GET "/" for ::1 at 2019-08-26 21:18:20 -0400
  [1m[35m (0.6ms)[0m  [1m[34mSELECT "schema_migrations"."version" FROM "schema_migrations" ORDER BY "schema_migrations"."version" ASC[0m
Processing by Rails::WelcomeController#index as HTML
  Rendering /Users/hartwrm/.rbenv/versions/2.5.5/lib/ruby/gems/2.5.0/gems/railties-6.0.0/lib/rails/templates/rails/welcome/index.html.erb
  Rendered /Users/hartwrm/.rbenv/versions/2.5.5/lib/ruby/gems/2.5.0/gems/railties-6.0.0/lib/rails/templates/rails/welcome/index.html.erb (Duration: 8.4ms | Allocations: 486)
Completed 200 OK in 28ms (Views: 15.1ms | ActiveRecord: 0.0ms | Allocations: 2769)


Started GET "/welcome" for ::1 at 2019-08-26 21:21:35 -0400
  
ActionController::RoutingError (No route matches [GET] "/welcome"):
  
actionpack (6.0.0) lib/action_dispatch/middleware/debug_exceptions.rb:36:in `call'
web-console (4.0.1) lib/web_console/middleware.rb:132:in `call_app'
web-console (4.0.1) lib/web_console/middleware.rb:28:in `block in call'
web-console (4.0.1) lib/web_console/middleware.rb:17:in `catch'
web-console (4.0.1) lib/web_console/middleware.rb:17:in `call'
actionpack (6.0.0) lib/action_dispatch/middleware/show_exceptions.rb:33:in `call'
railties (6.0.0) lib/rails/rack/logger.rb:38:in `call_app'
railties (6.0.0) lib/rails/rack/logger.rb:26:in `block in call'
activesupport (6.0.0) lib/active_support/tagged_logging.rb:80:in `block in tagged'
activesupport (6.0.0) lib/active_support/tagged_logging.rb:28:in `tagged'
activesupport (6.0.0) lib/active_support/tagged_logging.rb:80:in `tagged'
railties (6.0.0) lib/rails/rack/logger.rb:26:in `call'
sprockets-rails (3.2.1) lib/sprockets/rails/quiet_assets.rb:13:in `call'
actionpack (6.0.0) lib/action_dispatch/middleware/remote_ip.rb:81:in `call'
actionpack (6.0.0) lib/action_dispatch/middleware/request_id.rb:27:in `call'
rack (2.0.7) lib/rack/method_override.rb:22:in `call'
rack (2.0.7) lib/rack/runtime.rb:22:in `call'
activesupport (6.0.0) lib/active_support/cache/strategy/local_cache_middleware.rb:29:in `call'
actionpack (6.0.0) lib/action_dispatch/middleware/executor.rb:14:in `call'
actionpack (6.0.0) lib/action_dispatch/middleware/static.rb:126:in `call'
rack (2.0.7) lib/rack/sendfile.rb:111:in `call'
actionpack (6.0.0) lib/action_dispatch/middleware/host_authorization.rb:83:in `call'
webpacker (4.0.7) lib/webpacker/dev_server_proxy.rb:29:in `perform_request'
rack-proxy (0.6.5) lib/rack/proxy.rb:57:in `call'
railties (6.0.0) lib/rails/engine.rb:526:in `call'
puma (3.12.1) lib/puma/configuration.rb:227:in `call'
puma (3.12.1) lib/puma/server.rb:660:in `handle_request'
puma (3.12.1) lib/puma/server.rb:474:in `process_client'
puma (3.12.1) lib/puma/server.rb:334:in `block in run'
puma (3.12.1) lib/puma/thread_pool.rb:135:in `block in spawn_thread'
Started GET "/" for ::1 at 2019-08-26 21:23:33 -0400
Processing by WelcomeController#index as HTML
  Rendering welcome/index.html.erb within layouts/application
  Rendered welcome/index.html.erb within layouts/application (Duration: 0.7ms | Allocations: 241)
[Webpacker] Compiling…
[Webpacker] Compiled all packs in /Users/hartwrm/Documents/Projects/scifi_app/public/packs
Completed 200 OK in 7339ms (Views: 7337.1ms | ActiveRecord: 0.0ms | Allocations: 1551105)


Started GET "/sentences" for ::1 at 2019-08-26 21:25:43 -0400
Processing by SentencesController#index as HTML
  Rendering sentences/index.html.erb within layouts/application
  [1m[36mSentence Load (0.9ms)[0m  [1m[34mSELECT "sentences".* FROM "sentences"[0m
  ↳ app/views/sentences/index.html.erb:13
  Rendered sentences/index.html.erb within layouts/application (Duration: 6.1ms | Allocations: 1375)
Completed 200 OK in 25ms (Views: 18.7ms | ActiveRecord: 3.4ms | Allocations: 11122)


Started GET "/sentences/new" for ::1 at 2019-08-26 21:25:45 -0400
Processing by SentencesController#new as HTML
  Rendering sentences/new.html.erb within layouts/application
  Rendered sentences/_form.html.erb (Duration: 18.6ms | Allocations: 3820)
  Rendered sentences/new.html.erb within layouts/application (Duration: 20.5ms | Allocations: 4184)
Completed 200 OK in 56ms (Views: 33.8ms | ActiveRecord: 9.0ms | Allocations: 15631)


Started POST "/sentences" for ::1 at 2019-08-26 21:25:47 -0400
Processing by SentencesController#create as HTML
  Parameters: {"authenticity_token"=>"wx/Jz+8pRAtChprucP2w6eWI05oIpn/3pdcgBNnMGzJtXEI6g3K0zqSFgi8rKWJ1KBGOXTxlm3T6S4XQt2Tc+Q==", "commit"=>"Create Sentence"}
Completed 400 Bad Request in 2ms (ActiveRecord: 0.0ms | Allocations: 683)


  
ActionController::ParameterMissing (param is missing or the value is empty: sentence):
  
app/controllers/sentences_controller.rb:72:in `sentence_params'
app/controllers/sentences_controller.rb:27:in `create'
Started GET "/sentences" for ::1 at 2019-08-26 21:25:52 -0400
Processing by SentencesController#index as HTML
  Rendering sentences/index.html.erb within layouts/application
  [1m[36mSentence Load (0.4ms)[0m  [1m[34mSELECT "sentences".* FROM "sentences"[0m
  ↳ app/views/sentences/index.html.erb:13
  Rendered sentences/index.html.erb within layouts/application (Duration: 4.1ms | Allocations: 659)
Completed 200 OK in 24ms (Views: 22.4ms | ActiveRecord: 0.4ms | Allocations: 9301)


Started GET "/" for ::1 at 2019-08-26 21:25:52 -0400
Processing by WelcomeController#index as HTML
  Rendering welcome/index.html.erb within layouts/application
  Rendered welcome/index.html.erb within layouts/application (Duration: 0.7ms | Allocations: 77)
Completed 200 OK in 27ms (Views: 25.4ms | ActiveRecord: 0.0ms | Allocations: 8870)


Started GET "/images" for ::1 at 2019-08-26 21:25:53 -0400
Processing by ImagesController#index as HTML
  Rendering images/index.html.erb within layouts/application
  [1m[36mImage Load (0.8ms)[0m  [1m[34mSELECT "images".* FROM "images"[0m
  ↳ app/views/images/index.html.erb:16
  Rendered images/index.html.erb within layouts/application (Duration: 4.9ms | Allocations: 1347)
Completed 200 OK in 34ms (Views: 25.1ms | ActiveRecord: 1.9ms | Allocations: 10861)


Started GET "/images/new" for ::1 at 2019-08-26 21:25:54 -0400
Processing by ImagesController#new as HTML
  Rendering images/new.html.erb within layouts/application
  Rendered images/_form.html.erb (Duration: 6.4ms | Allocations: 2287)
  Rendered images/new.html.erb within layouts/application (Duration: 8.4ms | Allocations: 2643)
Completed 200 OK in 34ms (Views: 19.4ms | ActiveRecord: 2.2ms | Allocations: 15191)


Started GET "/sentences" for ::1 at 2019-08-26 21:26:05 -0400
Processing by SentencesController#index as HTML
  Rendering sentences/index.html.erb within layouts/application
  [1m[36mSentence Load (1.0ms)[0m  [1m[34mSELECT "sentences".* FROM "sentences"[0m
  ↳ app/views/sentences/index.html.erb:13
  Rendered sentences/index.html.erb within layouts/application (Duration: 8.0ms | Allocations: 666)
Completed 200 OK in 36ms (Views: 33.3ms | ActiveRecord: 1.0ms | Allocations: 9319)


Started GET "/sentences/new" for ::1 at 2019-08-26 21:26:09 -0400
Processing by SentencesController#new as HTML
  Rendering sentences/new.html.erb within layouts/application
  Rendered sentences/_form.html.erb (Duration: 2.6ms | Allocations: 355)
  Rendered sentences/new.html.erb within layouts/application (Duration: 3.1ms | Allocations: 452)
Completed 200 OK in 29ms (Views: 27.5ms | ActiveRecord: 0.0ms | Allocations: 9105)


Started GET "/sentences" for ::1 at 2019-08-26 21:27:08 -0400
Processing by SentencesController#index as HTML
  Rendering sentences/index.html.erb within layouts/application
  [1m[36mSentence Load (0.4ms)[0m  [1m[34mSELECT "sentences".* FROM "sentences"[0m
  ↳ app/views/sentences/index.html.erb:13
  Rendered sentences/index.html.erb within layouts/application (Duration: 2.3ms | Allocations: 660)
Completed 200 OK in 21ms (Views: 19.6ms | ActiveRecord: 0.4ms | Allocations: 9318)


  [1m[35m (0.6ms)[0m  [1m[34mSELECT "schema_migrations"."version" FROM "schema_migrations" ORDER BY "schema_migrations"."version" ASC[0m
  [1m[35m (0.6ms)[0m  [1m[34mSELECT "schema_migrations"."version" FROM "schema_migrations" ORDER BY "schema_migrations"."version" ASC[0m
  [1m[35m (0.1ms)[0m  [1m[35mBEGIN[0m
  [1m[36mSentence Create (1.0ms)[0m  [1m[32mINSERT INTO "sentences" ("created_at", "updated_at", "prompts") VALUES ($1, $2, $3) RETURNING "id"[0m  [["created_at", "2019-08-27 01:33:56.387190"], ["updated_at", "2019-08-27 01:33:56.387190"], ["prompts", "It’s not really a fly. If you swat it, they’ll just fine you and send two more."]]
  [1m[35m (0.3ms)[0m  [1m[35mCOMMIT[0m
  [1m[35m (0.1ms)[0m  [1m[35mBEGIN[0m
  [1m[36mSentence Create (0.2ms)[0m  [1m[32mINSERT INTO "sentences" ("created_at", "updated_at", "prompts") VALUES ($1, $2, $3) RETURNING "id"[0m  [["created_at", "2019-08-27 01:33:56.392821"], ["updated_at", "2019-08-27 01:33:56.392821"], ["prompts", "We’re headed to Madam Maxime’s at the edge of the universe."]]
  [1m[35m (0.3ms)[0m  [1m[35mCOMMIT[0m
  [1m[35m (0.1ms)[0m  [1m[35mBEGIN[0m
  [1m[36mSentence Create (0.2ms)[0m  [1m[32mINSERT INTO "sentences" ("created_at", "updated_at", "prompts") VALUES ($1, $2, $3) RETURNING "id"[0m  [["created_at", "2019-08-27 01:33:56.396338"], ["updated_at", "2019-08-27 01:33:56.396338"], ["prompts", "Why grieve when you can keep your loved one encased in Forever Glass™?"]]
  [1m[35m (0.3ms)[0m  [1m[35mCOMMIT[0m
  [1m[35m (0.1ms)[0m  [1m[35mBEGIN[0m
  [1m[36mSentence Create (0.2ms)[0m  [1m[32mINSERT INTO "sentences" ("created_at", "updated_at", "prompts") VALUES ($1, $2, $3) RETURNING "id"[0m  [["created_at", "2019-08-27 01:33:56.399961"], ["updated_at", "2019-08-27 01:33:56.399961"], ["prompts", "A group of intelligence-enhanced lab animals must find a way to communicate before their turn in the euthanization chamber."]]
  [1m[35m (0.3ms)[0m  [1m[35mCOMMIT[0m
  [1m[36mSentence Load (0.3ms)[0m  [1m[34mSELECT "sentences".* FROM "sentences" LIMIT $1[0m  [["LIMIT", 11]]
Started GET "/sentences" for ::1 at 2019-08-26 21:34:23 -0400
Processing by SentencesController#index as HTML
  Rendering sentences/index.html.erb within layouts/application
  [1m[36mSentence Load (0.6ms)[0m  [1m[34mSELECT "sentences".* FROM "sentences"[0m
  ↳ app/views/sentences/index.html.erb:13
  Rendered sentences/index.html.erb within layouts/application (Duration: 6.1ms | Allocations: 3795)
Completed 200 OK in 24ms (Views: 21.4ms | ActiveRecord: 0.6ms | Allocations: 13049)


Started GET "/sentences/1" for ::1 at 2019-08-26 21:34:26 -0400
Processing by SentencesController#show as HTML
  Parameters: {"id"=>"1"}
  [1m[36mSentence Load (0.8ms)[0m  [1m[34mSELECT "sentences".* FROM "sentences" WHERE "sentences"."id" = $1 LIMIT $2[0m  [["id", 1], ["LIMIT", 1]]
  ↳ app/controllers/sentences_controller.rb:67:in `set_sentence'
  Rendering sentences/show.html.erb within layouts/application
  Rendered sentences/show.html.erb within layouts/application (Duration: 1.8ms | Allocations: 235)
Completed 200 OK in 28ms (Views: 16.0ms | ActiveRecord: 1.4ms | Allocations: 10322)


Started GET "/sentences" for ::1 at 2019-08-26 21:34:31 -0400
Processing by SentencesController#index as HTML
  Rendering sentences/index.html.erb within layouts/application
  [1m[36mSentence Load (1.3ms)[0m  [1m[34mSELECT "sentences".* FROM "sentences"[0m
  ↳ app/views/sentences/index.html.erb:13
  Rendered sentences/index.html.erb within layouts/application (Duration: 17.8ms | Allocations: 1130)
Completed 200 OK in 48ms (Views: 43.0ms | ActiveRecord: 1.3ms | Allocations: 9781)


Started GET "/sentences" for ::1 at 2019-08-26 21:35:56 -0400
Processing by SentencesController#index as HTML
  Rendering sentences/index.html.erb within layouts/application
  [1m[36mSentence Load (0.6ms)[0m  [1m[34mSELECT "sentences".* FROM "sentences"[0m
  ↳ app/views/sentences/index.html.erb:13
  Rendered sentences/_form.html.erb (Duration: 2.9ms | Allocations: 1645)
  Rendered sentences/index.html.erb within layouts/application (Duration: 11.1ms | Allocations: 3210)
Completed 500 Internal Server Error in 20ms (ActiveRecord: 0.6ms | Allocations: 4441)


  
ActionView::Template::Error (undefined method `errors' for nil:NilClass):
    1: <%= form_with(model: sentence, local: true) do |form| %>
    2:   <% if sentence.errors.any? %>
    3:     <div id="error_explanation">
    4:       <h2><%= pluralize(sentence.errors.count, "error") %> prohibited this sentence from being saved:</h2>
    5: 
  
app/views/sentences/_form.html.erb:2
app/views/sentences/_form.html.erb:1
app/views/sentences/index.html.erb:25
Started GET "/sentences" for ::1 at 2019-08-26 21:36:38 -0400
Processing by SentencesController#index as HTML
  Rendering sentences/index.html.erb within layouts/application
  [1m[36mSentence Load (3.2ms)[0m  [1m[34mSELECT "sentences".* FROM "sentences"[0m
  ↳ app/views/sentences/index.html.erb:13
  Rendered sentences/index.html.erb within layouts/application (Duration: 13.7ms | Allocations: 1368)
Completed 200 OK in 73ms (Views: 67.0ms | ActiveRecord: 3.2ms | Allocations: 10956)


Started GET "/sentences" for ::1 at 2019-08-26 21:41:58 -0400
Processing by SentencesController#index as HTML
  Rendering sentences/index.html.erb within layouts/application
  [1m[36mSentence Load (0.5ms)[0m  [1m[34mSELECT "sentences".* FROM "sentences"[0m
  ↳ app/views/sentences/index.html.erb:13
  Rendered sentences/index.html.erb within layouts/application (Duration: 378.0ms | Allocations: 152768)
Completed 500 Internal Server Error in 383ms (ActiveRecord: 0.5ms | Allocations: 153998)


  
ActionView::Template::Error (undefined local variable or method `sentece' for #<#<Class:0x00007f81c4808228>:0x00007f81c0fade50>
Did you mean?  sentence
               @sentences):
    12:   <tbody>
    13:     <% @sentences.each do |sentence| %>
    14:       <tr>
    15:         <td><%= link_to sentece.prompt, sentence_path(sentence) %></td>
    16:         <td><%= link_to 'Edit', edit_sentence_path(sentence) %></td>
    17:         <td><%= link_to 'Destroy', sentence, method: :delete, data: { confirm: 'Are you sure?' } %></td>
    18:       </tr>
  
app/views/sentences/index.html.erb:15
app/views/sentences/index.html.erb:13
Started GET "/sentences" for ::1 at 2019-08-26 21:42:16 -0400
Processing by SentencesController#index as HTML
  Rendering sentences/index.html.erb within layouts/application
  [1m[36mSentence Load (0.8ms)[0m  [1m[34mSELECT "sentences".* FROM "sentences"[0m
  ↳ app/views/sentences/index.html.erb:13
  Rendered sentences/index.html.erb within layouts/application (Duration: 526.0ms | Allocations: 152730)
Completed 500 Internal Server Error in 533ms (ActiveRecord: 0.8ms | Allocations: 153968)


  
ActionView::Template::Error (undefined local variable or method `sentece' for #<#<Class:0x00007f81bf7e5700>:0x00007f81bf7decc0>
Did you mean?  sentence
               @sentences):
    12:   <tbody>
    13:     <% @sentences.each do |sentence| %>
    14:       <tr>
    15:         <td><%= link_to sentece.prompt, sentence_path(@sentences) %></td>
    16:         <td><%= link_to 'Edit', edit_sentence_path(sentence) %></td>
    17:         <td><%= link_to 'Destroy', sentence, method: :delete, data: { confirm: 'Are you sure?' } %></td>
    18:       </tr>
  
app/views/sentences/index.html.erb:15
app/views/sentences/index.html.erb:13
Started GET "/sentences" for ::1 at 2019-08-26 21:42:45 -0400
Processing by SentencesController#index as HTML
  Rendering sentences/index.html.erb within layouts/application
  [1m[36mSentence Load (1.7ms)[0m  [1m[34mSELECT "sentences".* FROM "sentences"[0m
  ↳ app/views/sentences/index.html.erb:13
  Rendered sentences/index.html.erb within layouts/application (Duration: 26.0ms | Allocations: 4169)
Completed 500 Internal Server Error in 41ms (ActiveRecord: 1.7ms | Allocations: 5403)


  
ActionView::Template::Error (undefined method `prompt' for #<Sentence:0x00007f81bd677f00>
Did you mean?  prompts
               prompts=
               prompts?):
    12:   <tbody>
    13:     <% @sentences.each do |sentence| %>
    14:       <tr>
    15:         <td><%= link_to sentence.prompt, sentence_path(sentence) %></td>
    16:         <td><%= link_to 'Edit', edit_sentence_path(sentence) %></td>
    17:         <td><%= link_to 'Destroy', sentence, method: :delete, data: { confirm: 'Are you sure?' } %></td>
    18:       </tr>
  
app/views/sentences/index.html.erb:15
app/views/sentences/index.html.erb:13
Started GET "/sentences" for ::1 at 2019-08-26 21:42:54 -0400
Processing by SentencesController#index as HTML
  Rendering sentences/index.html.erb within layouts/application
  [1m[36mSentence Load (2.7ms)[0m  [1m[34mSELECT "sentences".* FROM "sentences"[0m
  ↳ app/views/sentences/index.html.erb:13
  Rendered sentences/index.html.erb within layouts/application (Duration: 12.1ms | Allocations: 1355)
Completed 200 OK in 107ms (Views: 101.9ms | ActiveRecord: 2.7ms | Allocations: 10945)


Started GET "/sentences/1" for ::1 at 2019-08-26 21:43:00 -0400
Processing by SentencesController#show as HTML
  Parameters: {"id"=>"1"}
  [1m[36mSentence Load (0.6ms)[0m  [1m[34mSELECT "sentences".* FROM "sentences" WHERE "sentences"."id" = $1 LIMIT $2[0m  [["id", 1], ["LIMIT", 1]]
  ↳ app/controllers/sentences_controller.rb:67:in `set_sentence'
  Rendering sentences/show.html.erb within layouts/application
  Rendered sentences/show.html.erb within layouts/application (Duration: 2.7ms | Allocations: 226)
Completed 200 OK in 21ms (Views: 15.2ms | ActiveRecord: 0.6ms | Allocations: 9553)


Started GET "/sentences/1/edit" for ::1 at 2019-08-26 21:43:07 -0400
Processing by SentencesController#edit as HTML
  Parameters: {"id"=>"1"}
  [1m[36mSentence Load (0.7ms)[0m  [1m[34mSELECT "sentences".* FROM "sentences" WHERE "sentences"."id" = $1 LIMIT $2[0m  [["id", 1], ["LIMIT", 1]]
  ↳ app/controllers/sentences_controller.rb:67:in `set_sentence'
  Rendering sentences/edit.html.erb within layouts/application
  Rendered sentences/_form.html.erb (Duration: 3.2ms | Allocations: 670)
  Rendered sentences/edit.html.erb within layouts/application (Duration: 6.9ms | Allocations: 1081)
Completed 200 OK in 25ms (Views: 20.5ms | ActiveRecord: 0.7ms | Allocations: 10404)


Started GET "/sentences/new" for ::1 at 2019-08-26 21:43:19 -0400
Processing by SentencesController#new as HTML
  Rendering sentences/new.html.erb within layouts/application
  Rendered sentences/_form.html.erb (Duration: 1.0ms | Allocations: 360)
  Rendered sentences/new.html.erb within layouts/application (Duration: 3.6ms | Allocations: 579)
Completed 200 OK in 33ms (Views: 31.1ms | ActiveRecord: 0.0ms | Allocations: 9368)


